1528135337272	geckodriver	INFO	geckodriver 0.20.1
1528135337288	geckodriver	INFO	Listening on 127.0.0.1:59752
1528135340398	mozrunner::runner	INFO	Running command: "C:\\Program Files\\Firefox Developer Edition\\firefox.exe" "-marionette" "-profile" "C:\\Users\\msys\\AppData\\Local\\Temp\\rust_mozprofile.aZKSxU6lBO4g"
Unable to read VR Path Registry from C:\Users\msys\AppData\Local\openvr\openvrpaths.vrpath
Unable to read VR Path Registry from C:\Users\msys\AppData\Local\openvr\openvrpaths.vrpath
Unable to read VR Path Registry from C:\Users\msys\AppData\Local\openvr\openvrpaths.vrpath
Unable to read VR Path Registry from C:\Users\msys\AppData\Local\openvr\openvrpaths.vrpath
Unable to read VR Path Registry from C:\Users\msys\AppData\Local\openvr\openvrpaths.vrpath
1528135350492	Marionette	INFO	Listening on port 59761
1528135351699	Marionette	WARN	TLS certificate errors will be ignored for this session
[Child 10372, Chrome_ChildThread] WARNING: pipe error: 109: file z:/build/build/src/ipc/chromium/src/chrome/co1528135387647	mozrunner::runner	INFO	Running command: "C:\\Program Files\\Firefox Developer Edition\\firefox.exe" "-marionette" "-profile" "C:\\Users\\msys\\AppData\\Local\\Temp\\rust_mozprofile.dROFQDHmt2ab"
Unable to read VR Path Registry from C:\Users\msys\AppData\Local\openvr\openvrpaths.vrpath
Unable to read VR Path Registry from C:\Users\msys\AppData\Local\openvr\openvrpaths.vrpath
Unable to read VR Path Registry from C:\Users\msys\AppData\Local\openvr\openvrpaths.vrpath
Unable to read VR Path Registry from C:\Users\msys\AppData\Local\openvr\openvrpaths.vrpath
Unable to read VR Path Registry from C:\Users\msys\AppData\Local\openvr\openvrpaths.vrpath
1528135390560	Marionette	INFO	Listening on port 59800
1528135391185	Marionette	WARN	TLS certificate errors will be ignored for this session
JavaScript error: https://fbsbx.com/captcha/recaptcha/iframe/?referer=https%3A%2F%2Fwww.facebook.com, line 1: TypeError: o is null
JavaScript error: https://fbsbx.com/captcha/recaptcha/iframe/?referer=https%3A%2F%2Fwww.facebook.com, line 1: TypeError: o is null
JavaScript error: https://fbsbx.com/captcha/recaptcha/iframe/?referer=https%3A%2F%2Fwww.facebook.com, line 1: TypeError: o is null
JavaScript error: https://fbsbx.com/captcha/recaptcha/iframe/?referer=https%3A%2F%2Fwww.facebook.com, line 1: TypeError: o is null
JavaScript error: https://fbsbx.com/captcha/recaptcha/iframe/?referer=https%3A%2F%2Fwww.facebook.com, line 1: TypeError: o is null
JavaScript error: https://fbsbx.com/captcha/recaptcha/iframe/?referer=https%3A%2F%2Fwww.facebook.com, line 1: TypeError: o is null
JavaScript error: https://fbsbx.com/captcha/recaptcha/iframe/?referer=https%3A%2F%2Fwww.facebook.com, line 1: TypeError: o is null
[Parent 8840, Gecko_IOThread] WARNING: pipe error: 109: file z:/build/build/src/ipc/chromium/src/chrome/common/ipc_channel_win.cc, line 346
JavaScript error: https://fbsbx.com/captcha/recaptcha/iframe/?referer=https%3A%2F%2Fwww.facebook.com, line 1: TypeError: o is null
JavaScript error: https://fbsbx.com/captcha/recaptcha/iframe/?referer=https%3A%2F%2Fwww.facebook.com, line 1: TypeError: o is null
JavaScript error: https://fbsbx.com/captcha/recaptcha/iframe/?referer=https%3A%2F%2Fwww.facebook.com, line 1: TypeError: o is null
JavaScript error: https://fbsbx.com/captcha/recaptcha/iframe/?referer=https%3A%2F%2Fwww.facebook.com, line 1: TypeError: o is null
[Parent 8840, Gecko_IOThread] WARNING: pipe error: 109: file z:/build/build/src/ipc/chromium/src/chrome/common/ipc_channel_win.cc, line 346
[Parent 8840, Gecko_IOThread] WARNING: pipe error: 109: file z:/build/build/src/ipc/chromium/src/chrome/common/ipc_channel_win.cc, line 346
[Parent 8840, Gecko_IOThread] WARNING: pipe error: 109: file z:/build/build/src/ipc/chromium/src/chrome/common/ipc_channel_win.cc, line 346
[Child 7184, Chrome_ChildThread] WARNING: pipe error: 109: file z:/build/build/src/ipc/chromium/src/chrome/common/ipc_channel_win.cc, line 346
[Child [Child 5316, Chrome_ChildThread] WARNING: pipe error: 109: file z:/build/build/src/ipc/chromium/src/chrome/common/ipc_channel_win.cc, line 346
[Child [Parent 8840, Gecko_IOThread] WARNING: pipe error: 109: file z:/build/build/src/ipc/chromium/src/chrome/common/ipc_channel_win.cc, line 346
[Child 3972, Chrome_ChildThread] WARNING: pipe error: 109: file z:/build/build/src/ipc/chromium/src/chrome/common/ipc_channel_win.cc, line 346
[Child 3972, Chrome_ChildThread] WARNING: pipe error: 109: file z:/build/build/src/ipc/chromium/src/chrome/common/ipc_
###!!! [Child][MessageChannel::SendAndWait] Error: Channel error: cannot send/recv

