1528798858172	geckodriver	INFO	geckodriver 0.20.1
1528798858219	geckodriver	INFO	Listening on 127.0.0.1:62682
1528798861421	mozrunner::runner	INFO	Running command: "C:\\Program Files\\Firefox Developer Edition\\firefox.exe" "-marionette" "-profile" "C:\\Users\\msys\\AppData\\Local\\Temp\\rust_mozprofile.Ug8nzCTb9ULZ"
Unable to read VR Path Registry from C:\Users\msys\AppData\Local\openvr\openvrpaths.vrpath
Unable to read VR Path Registry from C:\Users\msys\AppData\Local\openvr\openvrpaths.vrpath
1528798864269	addons.webextension.screenshots@mozilla.org	WARN	Loading extension 'screenshots@mozilla.org': Reading manifest: Invalid host permission: resource://pdf.js/
1528798864270	addons.webextension.screenshots@mozilla.org	WARN	Loading extension 'screenshots@mozilla.org': Reading manifest: Invalid host permission: about:reader*
Unable to read VR Path Registry from C:\Users\msys\AppData\Local\openvr\openvrpaths.vrpath
Unable to read VR Path Registry from C:\Users\msys\AppData\Local\openvr\openvrpaths.vrpath
Unable to read VR Path Registry from C:\Users\msys\AppData\Local\openvr\openvrpaths.vrpath
1528798866970	Marionette	INFO	Listening on port 62701
1528798867461	Marionette	WARN	TLS certificate errors will be ignored for this session
JavaScript error: https://a.travel-assets.com/bundles/storefront-web/secondaryContent-bundle/memberOnlyDeals-1-en_US-9da226a6806966094a33aa621c2318be-min.js, line 1: ReferenceError: Handlebars is not defined
JavaScript error: https://connect.facebook.net/en_US/fbevents.js, line 1: SyntaxError: expected expression, got '<'
JavaScript warning: https://www.googletagmanager.com/gtag/js?id=AW-813670643, line 69: unreachable code after return statement
JavaScript warning: https://www.googletagmanager.com/gtag/js?id=AW-813670643, line 69: unreachable code after return statement
[Parent 12976, Gecko_IOThread] WARNING: pipe error: 109: file z:/build/build/src/ipc/chromium/src/chrome/common/ipc_channel_win.cc, line 346
[Child 15092, Chrome_ChildThread] WARNING: pipe error: 109: file z:/build/build/src/ipc/chromium/src/chrome/common/ipc_channel_win.cc, line 346
[Child 15092, Chrome_ChildThread] WARNING: pipe error: 109: file z:/build/build/src/ipc/chromium/src/chrome/common/ipc_channel_win.cc, line 346
[Parent 12976, Gecko_IOThread] WARNING: pipe error: 109: file z:/build/build/src/ipc/chromium/src/chrome/common/ipc_channel_win.cc, line 346
[Child 11840, Chrome_ChildThread] WARNING: pipe error: 109: file z:/build/build/src/ipc/chromium/src/chrome/common/ipc_channel_win.cc, line 346
[Child 11840, Chrome_ChildThread] WARNING: pipe error: 109: file z:/build/build/src/ipc/chromium/src/chrome/common/ipc_channel_win.cc, line 346
[GPU 16296, Chrome_ChildThread] WARNING: pipe error: 109: file z:/build/build/src/ipc/chromium/src/chrome/common/ipc_channel_win.cc, line 346

###!!! [Child][MessageChannel::SendAndWait] Error: Channel error: cannot send/recv

\openvrpaths.vrpath
1528799381161	Marionette	INFO	Listening on port 63605
1528799381561	Marionette	WARN	TLS certificate errors will be ignored for this session
JavaScript error: https://a.travel-assets.com/bundles/storefront-web/secondaryContent-bundle/memberOnlyDeals-1-en_US-9da226a6806966094a33aa621c2318be-min.js, line 1: ReferenceError: Handlebars is not defined
JavaScript error: https://connect.facebook.net/en_US/fbevents.js, line 1: SyntaxError: expected expression, got '<'
JavaScript warning: https://www.googletagmanager.com/gtag/js?id=AW-813670643, line 69: unreachable code after return statement
JavaScript warning: https://www.googletagmanager.com/gtag/js?id=AW-813670643, line 69: unreachable code after return statement
[Parent 8080, Gecko_IOThread] WARNING: pipe error: 109: file z:/build/build/src/ipc/chromium/src/chrome/common/ipc_channel_win.cc, line 346
[Parent 8080, Gecko_IOThread] WARNING: pipe error: 109: file z:/build/build/src/ipc/chromium/src/chrome/common/ipc_channel_win.cc, line 346
[Child 11300, Chrome_ChildThread] WARNING: pipe error: 109: file z:/build/build/src/ipc/chromium/src/chrome/common/ipc_channel_win.cc, line 346
[Child 11300, Chrome_ChildThread] WARNING: pipe error: 109: [Parent 8080, Gecko_IOThread] WARNING: pipe error: 109: file z:/build/build/src/ipc/chromium/src/chrome/common/ipc_channel_win.cc, line 346
[GPU 12844, Chrome_C
###!!! [Child][MessageChannel::SendAndWait] Error: Channel error: cannot send/recv

ut:reader*
Unable to read VR Path Registry from C:\Users\msys\AppData\Local\openvr\openvrpaths.vrpath
Unable to read VR Path Registry from C:\Users\msys\AppData\Local\openvr\openvrpaths.vrpath
Unable to read VR Path Registry from C:\Users\msys\AppData\Local\openvr\openvrpaths.vrpath
Unable to read VR Path Registry from C:\Users\msys\AppData\Local\openvr\openvrpaths.vrpath
[Parent 11976, Gecko_IOThread] WARNING: pipe error: 109: file z:/build/build/src/ipc/chromium/src/chrome/common/ipc_channel_win.cc, line 346
1528799548339	Marionette	INFO	Listening on port 64004
[Child 1056, Chrome_ChildThread] WARNING: pipe error: 109: file z:/build/build/src/ipc/chromium/src/chrome/common/ipc_channel_win.cc, line 346
[Child 1056, Chrome_ChildThread] WARNING: pipe error: 109: file z:/build/build/src/ipc/chromium/src/chrome/common/ipc_channel_win.cc, line 346
1528799548822	Marionette	WARN	TLS certificate errors will be ignored for this session
JavaScript error: https://a.travel-assets.com/bundles/storefront-web/secondaryContent-bundle/memberOnlyDeals-1-en_US-9da226a6806966094a33aa621c2318be-min.js, line 1: ReferenceError: Handlebars is not defined
Unable to read VR Path Registry from C:\Users\msys\AppData\Local\openvr\openvrpaths.vrpath
JavaScript error: https://connect.facebook.net/en_US/fbevents.js, line 1: SyntaxError: expected expression, got '<'
JavaScript warning: https://www.googletagmanager.com/gtag/js?id=AW-813670643, line 69: unreachable code after return statement
JavaScript warning: https://www.googletagmanager.com/gtag/js?id=AW-813670643, line 69: unreachable code after return statement
[Parent 11976, Gecko_IOThread] WARNING: pipe error: 109: file z:/build/build/src/ipc/chromium/src/chrome/common/ipc_channel_win.cc, line 346
[Child 15700, Chrome_ChildThread] WARNING: pipe error: 109: file z:/build/build/src/ipc/chromium/src/chrome/common/ipc_channel_win.cc, line 346
[Child 15700, Chrome_ChildThread] WARNING: pipe error: 109: file z:/build/build/src/ipc/chromium/src/chrome/common/ipc_channel_win.cc, line 3[Parent 11976, Gecko_IOThread] WARNING: pipe error: 109: file z:/build/build/src/ipc/chromium/src/chrome/common/ipc_channel_win.cc, line 346
[Child 16056, Chrome_ChildThread] WARNING: pipe error: 109: file z:/build/build/src/ipc/chromium/src/chrome/common/ipc_channel_win.cc, line 346
[Child 16056, Chrome_ChildThread] WARNING: pipe error: 109: file z:/build/build/s[Parent 11976, Gecko_IOThread] WARNING: pipe error: 109: file z:/build/build/src/ipc/chromium/src/chrome/common/ipc_channel_win.cc, line 346
[Child 15240, Chrome_ChildThread] WARNING: pipe error: 109: file z:/build/build/src/ipc/chromium/src/chrome/common/ipc_channel_win.cc, line 346
[Child 15240, Chrome_ChildThread
###!!! [Child][MessageChannel::SendAndWait] Error: Channel error: cannot send/recv

S certificate errors will be ignored for this session
JavaScript error: https://a.travel-assets.com/bundles/storefront-web/secondaryContent-bundle/memberOnlyDeals-1-en_US-9da226a6806966094a33aa621c2318be-min.js, line 1: ReferenceError: Handlebars is not defined
JavaScript error: https://connect.facebook.net/en_US/fbevents.js, line 1: SyntaxError: expected expression, got '<'
JavaScript warning: https://www.googletagmanager.com/gtag/js?id=AW-813670643, line 69: unreachable code after return statement
JavaScript warning: https://www.googletagmanager.com/gtag/js?id=AW-813670643, line 69: unreachable code after return statement
1528802261213	addons.productaddons	WARN	Failed downloading XML, status: 0, reason: error
1528802261237	addons.productaddons	WARN	Failed downloading via XHR, status: 0, reason: error
1528802261241	addons.productaddons	WARN	Failed downloading via XHR, status: 0, reason: error
[Child 2872, Chrome_ChildThread] WARNING: pipe error: 109: file z:/build/build/src/ipc/chromium/src/chrome/common/ipc_channel_win.cc, line 346
[Child 2872, Chrome_ChildThread] WARNING: pipe error: 109: file z:/build/build/src/ipc/chromium/src/chrome/common/ipc_channel_win.cc, line 346
[Parent 8216, Gecko_IOThread] WARNING: pipe error: 109: file z:/build/build/src/ipc/chromium/src/chrome/common/ipc_channel_win.cc, line 346
[Child 10388, Chrome_ChildThread] WARNING: pipe error: 109: file z:/build/build/src/ipc/chromium/src/chrome/common/ipc_channel_win.cc, line 346
[Child 10388, Chrome_ChildThread] WARNING: pipe error: 109: file z:/build/build/src/ipc/chromium/src/chrome/common/ipc_channel_win.cc, line 346
[Parent 8216, Gecko_IOThread] WARNING: pipe error: 109: file z:/build/build/src/ipc/chromium/src/chrome/common/ipc_channel_win.cc, line 346
[GPU 9560, Chrome_Chi
###!!! [Child][MessageChannel::SendAndWait] Error: Channel error: cannot send/recv

C:\Users\msys\AppData\Local\openvr\openvrpaths.vrpath
Unable to read VR Path Registry from C:\Users\msys\AppData\Local\openvr\openvrpaths.vrpath
1528802698796	Marionette	INFO	Listening on port 65347
1528802699714	Marionette	WARN	TLS certificate errors will be ignored for this session
JavaScript error: https://connect.facebook.net/en_US/fbevents.js, line 1: SyntaxError: expected expression, got '<'
JavaScript warning: https://www.googletagmanager.com/gtag/js?id=DC-6769901, line 69: unreachable code after return statement
JavaScript warning: https://www.googletagmanager.com/gtag/js?id=DC-6769901, line 69: unreachable code after return statement
console.warn: LoginRecipes: getRecipes: falling back to a synchronous message for: https://www.expedia.com
console.warn: LoginRecipes: getRecipes: falling back to a synchronous message for: https://www.expedia.com
[Parent 15472, Gecko_IOThread] WARNING: pipe error: 109: file z:/build/build/src/ipc/chromium/src/chrome/common/ipc_channel_win.cc, line 346
[Child 12612, Chrome_ChildThread] WARNING: pipe error: 109: file z:/build/build/src/ipc/chromium/src/chrome/common/ipc_channel_win.cc, line 346
[Child 12612, Chrome_ChildTIPDL protocol error: Handler returned error code!

###!!! [Parent][DispatchAsyncMessage] Error: PLayerTransaction::Msg_ReleaseLayer Processing error: message was deserialized, but the handler returned false (indicating failure)

IPDL protocol error: Handler returned error code!

###!!! [Parent][DispatchAsyncMessage] Error: PLayerTransaction::Msg_ReleaseLayer Processing error: message was deserialized, but the handler returned false (indicating failure)

IPDL protocol error: Handler returned error code!

###!!! [Parent][DispatchAsyncMessage] Error: PLayerTransaction::Msg_ReleaseLayer Processing error: message was deserialized, but the handler returned false (indicating failure)

IPDL protocol error: Handler returned error code!

###!!! [Parent][DispatchAsyncMessage] Error: PLayerTransaction::Msg_ReleaseLayer Processing error: message was deserialized, but the handler returned false (indicating failure)

IPDL protocoJavaScript error: https://a.travel-assets.com/bundles/storefront-web/secondaryContent-bundle/memberOnlyDeals-1-en_US-9da226a6806966094a33aa621c2318be-min.js, line 1: ReferenceError: Handlebars is not defined
JavaScript error: https://connect.facebook.net/en_US/fbevents.js, line 1: SyntaxError: expected expression, got '<'
JavaScript warning: https://www.googletagmanager.com/gtag/js?id=AW-813670643, line 69: unreachable code after return statement
JavaScript warning: https://www.googletagmanager.com/gtag/js?id=AW-813670643, line 69: unreachable code after return statement
[Parent 8804, Gecko_IOThread] WARNING: pipe error: 109: file z:/build/build/src/ipc/chromium/src/chrome/common/ipc_channel_win.cc, line 346
[Child 1428, Chrome_ChildThread] WARNING: pipe error: 109: file z:/build/build/src/ipc/chromium/src/chrome/common/ipc_channel_win.cc, line 346
[Child 1428, Chrome_ChildThread] WARNING: pipe error: 109: file z:/build/build/src/ipc/chromium/src/chrome/common/ipc_channel_win.cc, line 346
[Parent 8804, Gecko_IOThread] WARNING: pipe error: 109: file z:/build/build/src/ipc/chromium/src/chrome/common/ipc_channel_win.cc, line 346
[Child 12900, Chrome_ChildThread] WARNING: pipe error: 109: file z:/build/build/src/ipc/chromium/src/chrome/common/ipc_channel_win.cc, line 346
[Child 12900, Chr[GPU 5600, Chrome_ChildThrea
###!!! [Child][MessageChannel::SendAndWait] Error: Channel error: cannot send/recv

1528802926102	geckodriver	INFO	geckodriver 0.20.1
1528802926112	geckodriver	INFO	Listening on 127.0.0.1:49602
1528802929156	mozrunner::runner	INFO	Running command: "C:\\Program Files\\Firefox Developer Edition\\firefox.exe" "-marionette" "-profile" "C:\\Users\\msys\\AppData\\Local\\Temp\\rust_mozprofile.0kwV2XORGlFX"
Unable to read VR Path Registry from C:\Users\msys\AppData\Local\openvr\openvrpaths.vrpath
Unable to read VR Path Registry from C:\Users\msys\AppData\Local\openvr\openvrpaths.vrpath
1528802931145	addons.webextension.screenshots@mozilla.org	WARN	Loading extension 'screenshots@mozilla.org': Reading manifest: Invalid host permission: resource://pdf.js/
1528802931146	addons.webextension.screenshots@mozilla.org	WARN	Loading extension 'screenshots@mozilla.org': Reading manifest: Invalid host permission: about:reader*
Unable to read VR Path Registry from C:\Users\msys\AppData\Local\openvr\openvrpaths.vrpath
Unable to read VR Path Registry from C:\Users\msys\AppData\Local\openvr\openvrpaths.vrpath
Unable to read VR Path Registry from C:\Users\msys\AppData\Local\openvr\openvrpaths.vrpath
1528802932669	Marionette	INFO	Listening on port 49614
1528802933330	Marionette	WARN	TLS certificate errors will be ignored for this session
JavaScript error: https://a.travel-assets.com/bundles/storefront-web/secondaryContent-bundle/memberOnlyDeals-1-en_US-9da226a6806966094a33aa621c2318be-min.js, line 1: ReferenceError: Handlebars is not defined
JavaScript error: https://connect.facebook.net/en_US/fbevents.js, line 1: SyntaxError: expected expression, got '<'
JavaScript warning: https://www.googletagmanager.com/gtag/js?id=AW-813670643, line 69: unreachable code after return statement
JavaScript warning: https://www.googletagmanager.com/gtag/js?id=AW-813670643, line 69: unreachable code after return statement
[Parent 9900, Gecko_IOThread] WARNING: pipe error: 109: file z:/build/build/src/ipc/chromium/src/chrome/common/ipc_channel_win.cc, line 346
[[Parent 9900, Gecko_IOThread] WARNING: pipe error: 109: file z:/build/build/src/ipc/chromium/src/chrome/common/ipc_channel_win.cc, line 346
[Child 16632, Chrome_ChildThread] WARNING: pipe error: 109: file z:/build/build/src/ipc/chromium/src/chrome/common/ipc_channel_win.cc, line 346
[Child 16632, Chrome_ChildThread] WARNING: pipe error: 109: f[Parent 9900, Gecko_IOThread] WARNING: pipe error: 109: file z:/build/build/src/ipc/chromium/src/chrome/common/ipc_channel_win.cc, line 346
[Child 9888, Chrome_ChildThread] WARNING: pipe error: 109: file z:/build/build/src/ipc/chromium/src/chrome/common/ipc_channel_win.cc, line 346
[Child 9888, Chrome_ChildThread] WARNING: pipe error: 109: file z:/build/build/src/ipc/chromium/src/chrome/common/ipc_channel_win.cc, line 346
[GPU 3188, Chrome_ChildThread] 
###!!! [Child][MessageChannel::SendAndWait] Error: Channel error: cannot send/recv

d VR Path Registry from C:\Users\msys\AppData\Local\openvr\openvrpaths.vrpath
1528803955988	Marionette	INFO	Listening on port 51303
1528803956640	Marionette	WARN	TLS certificate errors will be ignored for this session
[Parent 1720, Gecko_IOThread] WARNING: pipe error: 109: file z:/build/build/src/ipc/chromium/src/chrome/common/ipc_channel_win.cc, line 346
[Child 6840, Chrome_ChildThread] WARNING: pipe error: 109: file z:/build/build/src/ipc/chromium/src/chrome/common/ipc_channel_win.cc, line 346
[Child 6840, Chrome_ChildThread] WARNING: pipe error: 109: file z:/build/build/src/ipc/chromium/src/chrome/common/ipc_channel_win.cc, line 346
[Child 512, Chrome_ChildThread] WARNING: pipe error: 109: file z:/build/build/src/ipc/chromium/src/chrome/common/ipc_channel_win.cc, line 346

###!!! [Child][RunMessage] Error: Channel closing: too late to send/recv, messages will be lost

[Parent 1720, Gecko_IOThread] WARNING: pipe error: 109: file z:/build/build/src/ipc/chromium/src/chrome/common/ipc_channel_win.cc, line 346
[Child 14604, Chrome_ChildThread] WARNING: pipe error: 109: file z:/build/build/src/ipc/chromium/src/chrome/common/ipc_channel_win.cc, line 346
[Child 14604, Chrome_ChildThread] WARNING: pipe error: 109: file z:/build/build/src/ipc/chromium/src/chrome/common/ipc_channel_win.cc, line 346
*** UTM:SVC TimerManager:registerTimer called after profile-before-change notification. Ignoring timer registration for id: telemetry_modules_ping
[GPU 15124, Chrome_ChildThread] WARNING: pipe error: 
###!!! [Child][MessageChannel::SendAndWait] Error: Channel error: cannot send/recv

1528804006625	geckodriver	INFO	geckodriver 0.20.1
1528804006641	geckodriver	INFO	Listening on 127.0.0.1:51496
1528804009691	mozrunner::runner	INFO	Running command: "C:\\Program Files\\Firefox Developer Edition\\firefox.exe" "-marionette" "-profile" "C:\\Users\\msys\\AppData\\Local\\Temp\\rust_mozprofile.RmiZEU4c16Cd"
Unable to read VR Path Registry from C:\Users\msys\AppData\Local\openvr\openvrpaths.vrpath
Unable to read VR Path Registry from C:\Users\msys\AppData\Local\openvr\openvrpaths.vrpath
1528804011564	addons.webextension.screenshots@mozilla.org	WARN	Loading extension 'screenshots@mozilla.org': Reading manifest: Invalid host permission: resource://pdf.js/
1528804011564	addons.webextension.screenshots@mozilla.org	WARN	Loading extension 'screenshots@mozilla.org': Reading manifest: Invalid host permission: about:reader*
Unable to read VR Path Registry from C:\Users\msys\AppData\Local\openvr\openvrpaths.vrpath
Unable to read VR Path Registry from C:\Users\msys\AppData\Local\openvr\openvrpaths.vrpath
Unable to read VR Path Registry from C:\Users\msys\AppData\Local\openvr\openvrpaths.vrpath
1528804013188	Marionette	INFO	Listening on port 51508
1528804013591	Marionette	WARN	TLS certificate errors will be ignored for this session
[Parent 9060, Gecko_IOThread] WARNING: pipe error: 109: file z:/build/build/src/ipc/chromium/src/chrome/common/ipc_channel_win.cc, line 346
[Child 2816, Chrome_ChildThread] WARNING: pipe error: 109: file z:/build/build/src/ipc/chromium/src/chrome/common/ipc_channel_win.cc, line 346
[Child 2816, Chrome_ChildThread] WUnable to read VR Path Registry from C:\Users\msys\AppData\Local\openvr\openvrpaths.vrpath
Unable to read VR Path Registry from C:\Users\msys\AppData\Local\openvr\openvrpaths.vrpath
1528804045739	addons.webextension.screenshots@mozilla.org	WARN	Loading extension 'screenshots@mozilla.org': Reading manifest: Invalid host permission: resource://pdf.js/
1528804045740	addons.webextension.screenshots@mozilla.org	WARN	Loading extension 'screenshots@mozilla.org': Reading manifest: Invalid host permission: about:reader*
Unable to read VR Path Registry from C:\Users\msys\AppData\Local\openvr\openvrpaths.vrpath
Unable to read VR Path Registry from C:\Users\msys\AppData\Local\openvr\openvrpaths.vrpath
Unable to read VR Path Registry from C:\Users\msys\AppData\Local\openvr\openvrpaths.vrpath
1528804047329	Marionette	INFO	Listening on port 51643
1528804048067	Marionette	WARN	TLS certificate errors will be ignored for this session
[Parent 3616, Gecko_IOThread] WARNING: pipe error: 109: file z:/build/build/src/ipc/chromium/src/chrome/common1528804104889	mozrunner::runner	INFO	Running command: "C:\\Program Files\\Firefox Developer Edition\\firefox.exe" "-marionette" "-profile" "C:\\Users\\msys\\AppData\\Local\\Temp\\rust_mozprofile.QH64m5x7lVEG"
Unable to read VR Path Registry from C:\Users\msys\AppData\Local\openvr\openvrpaths.vrpath
Unable to read VR Path Registry from C:\Users\msys\AppData\Local\openvr\openvrpaths.vrpath
1528804107154	addons.webextension.screenshots@mozilla.org	WARN	Loading extension 'screenshots@mozilla.org': Reading manifest: Invalid host permission: resource://pdf.js/
1528804107154	addons.webextension.screenshots@mozilla.org	WARN	Loading extension 'screenshots@mozilla.org': Reading manifest: Invalid host permission: about:reader*
Unable to read VR Path Registry from C:\Users\msys\AppData\Local\openvr\openvrpaths.vrpath
Unable to read VR Path Registry from C:\Users\msys\AppData\Local\openvr\openvrpaths.vrpath
Unable to read VR Path Registry from C:\Users\msys\AppData\Local\openvr\openvrpaths.vrpath
1528804108628	Marionette	INFO	Listening on port 51832
1528804109210	Marionette	WARN	TLS certificate errors will be ignored for this session
[Parent 13536, Gecko_IOThread] WARNING: pipe error: 109: file z:/build/build/src/ipc/chromium/src/chrome/common/ipc_channel_win.cc, line 346
[Parent 13536, Gecko_IOThread] WARNING: pipe error: 109: file z:/build/build/src/ipc/chromium/src/chrome/common/ipc_channel_win.cc, line 346
[Child 15184, Chrome_ChildThread] WARNING: pipe error: 109: file z:/build/build/src/ipc/chromium/src/chrome/common/ipc_channel_win.cc, line 346
[Child 15184, Chrome_[Parent 13536, Gecko_IOThread] WARNING: pipe error: 109: file z:/build/build/src/ipc/chromium/src/chrome/common/ipc_channel_win.cc, line 346
[Child 1608, Chrome_ChildThread] WARNING: pipe error: 109: file z:/build/build/src/ipc/chromium/src/chrome/common/ipc_channel_win.cc, line 346
[Child 1608, Chrome_ChildThread] WARNING: pipe error: 109: file z:/build/build/src/ipc/chromium/src/chrome/common/ipc_channel_win.cc, line 346
[GPU 12844, Chrome
###!!! [Child][MessageChannel::SendAndWait] Error: Channel error: cannot send/recv

1528804874350	geckodriver	INFO	geckodriver 0.20.1
1528804874357	geckodriver	INFO	Listening on 127.0.0.1:53026
1528804877449	mozrunner::runner	INFO	Running command: "C:\\Program Files\\Firefox Developer Edition\\firefox.exe" "-marionette" "-profile" "C:\\Users\\msys\\AppData\\Local\\Temp\\rust_mozprofile.RrNr68yB7hvG"
Unable to read VR Path Registry from C:\Users\msys\AppData\Local\openvr\openvrpaths.vrpath
Unable to read VR Path Registry from C:\Users\msys\AppData\Local\openvr\openvrpaths.vrpath
1528804879892	addons.webextension.screenshots@mozilla.org	WARN	Loading extension 'screenshots@mozilla.org': Reading manifest: Invalid host permission: resource://pdf.js/
1528804879893	addons.webextension.screenshots@mozilla.org	WARN	Loading extension 'screenshots@mozilla.org': Reading manifest: Invalid host permission: about:reader*
Unable to read VR Path Registry from C:\Users\msys\AppData\Local\openvr\openvrpaths.vrpath
Unable to read VR Path Registry from C:\Users\msys\AppData\Local\openvr\openvrpaths.vrpath
Unable to read VR Path Registry from C:\Users\msys\AppData\Local\openvr\openvrpaths.vrpath
1528804881195	Marionette	INFO	Listening on port 53038
1528804881737	Marionette	WARN	TLS certificate errors will be ignored for this session
[Parent 560, Gecko_IOThread] WARNING: pipe error: 109: file z:/build/build/src/ipc/chromium/src/chrome/common/ipc_channel_win.cc, line 346
[Child 7048, Chrome_ChildThread] WARNING: pipe error: 109: file z:/build/build/src/ipc/chromium/src/chrome/common/ipc_channel_win.cc, line 346

###!!! [Child][RunMessage] Error: Channel closing: too late to send/recv, messages will be lost

[Child 7048, Chrome_ChildThread] WARNING: pipe error: 109: file z:/build/build/src/ipc/chromium/src/chrome/common[Parent 560, Gecko_IOThread] WARNING: pipe error: 109: file z:/build/build/src/ipc/chromium/src/chrome/common/ipc_channel_win.cc, line 346
[Child 13012, Chrome_ChildThread] WARNING: pipe error: 109: file z:/build/build/src/ipc/chromium/src/chrome/common/ipc_channel_win.cc, line 346
[Child 13012, Chrome_ChildThread] WARNING: pipe error: 109: file z:/build/build/src/ipc/chromium/src/chrome/common/ipc_channel_win.cc, line 346

###!!! [Child][MessageChannel::SendAndWait] Error: Channel error: cannot send/recv

1528804987522	geckodriver	INFO	geckodriver 0.20.1
1528804987538	geckodriver	INFO	Listening on 127.0.0.1:53275
1528804990669	mozrunner::runner	INFO	Running command: "C:\\Program Files\\Firefox Developer Edition\\firefox.exe" "-marionette" "-profile" "C:\\Users\\msys\\AppData\\Local\\Temp\\rust_mozprofile.1yS03PgGELOA"
Unable to read VR Path Registry from C:\Users\msys\AppData\Local\openvr\openvrpaths.vrpath
Unable to read VR Path Registry from C:\Users\msys\AppData\Local\openvr\openvrpaths.vrpath
1528804993417	addons.webextension.screenshots@mozilla.org	WARN	Loading extension 'screenshots@mozilla.org': Reading manifest: Invalid host permission: resource://pdf.js/
1528804993418	addons.webextension.screenshots@mozilla.org	WARN	Loading extension 'screenshots@mozilla.org': Reading manifest: Invalid host permission: about:reader*
Unable to read VR Path Registry from C:\Users\msys\AppData\Local\openvr\openvrpaths.vrpath
Unable to read VR Path Registry from C:\Users\msys\AppData\Local\openvr\openvrpaths.vrpath
Unable to read VR Path Registry from C:\Users\msys\AppData\Local\openvr\openvrpaths.vrpath
1528804994779	Marionette	INFO	Listening on port 53288
1528804995210	Marionette	WARN	TLS certificate errors will be ignored for this session
[Parent 16548, Gecko_IOThread] WARNING: pipe error: 109: file z:/build/build/src/ipc/chromium/src/chrome/common/ipc_channel_win.cc, line 346
[Child 10552, Chrome_ChildThread] WARNING: pipe error: 109: file z:/build/build/src/ipc/chromium/src/chrome/common/ipc_channel_win.cc, line 346

###!!! [Child][RunMessage] Error: Channel closing: too late to send/recv, messages will be lost

[Child 10552, Chrome_ChildThread] WARNING: pipe error: 109: file z:/build/build/src/ipc/chromium/src/chrome/common/ipc_channel_win.cc, line 346
[Parent 16548, Gecko_IOThread] WARNING: pipe error: 109: file z:/build/build/src/ipc/chromium/src/chrome/common/ipc_channel_win.cc, line 346
[GPU 16988, Chrome_ChildThread]
###!!! [Child][MessageChannel::SendAndWait] Error: Channel error: cannot send/recv

